0.28890496492385864,1
0.3272399604320526,1
0.259590744972229,1
0.30717727541923523,1
0.2540414035320282,1
0.2118581235408783,1
0.3196119964122772,1
0.21062368154525757,1
0.3544301390647888,1
0.40742936730384827,1
0.3050754964351654,1
0.17409053444862366,1
0.33651039004325867,1
0.21645265817642212,1
0.4414534866809845,1
0.31828540563583374,1
0.38568538427352905,1
0.2934431731700897,1
0.37077978253364563,1
0.2425418198108673,1
0.29233765602111816,1
0.2543472647666931,1
0.27692675590515137,1
0.2446570247411728,1
0.2670609951019287,1
0.315510094165802,1
0.4057929217815399,1
0.4665498435497284,1
0.2322639375925064,1
0.18681207299232483,1
0.22432133555412292,1
0.3461712896823883,1
0.2662428319454193,1
0.22003571689128876,1
0.4301632046699524,1
0.22513459622859955,1
0.39651960134506226,1
0.21944659948349,1
0.22299328446388245,1
0.42817360162734985,1
0.1878368854522705,1
0.3038187623023987,1
0.27288463711738586,1
0.38176342844963074,1
0.24778679013252258,1
0.415160596370697,1
0.16662079095840454,1
0.21177887916564941,1
0.30988532304763794,1
0.2150876373052597,1
0.3499962091445923,1
0.1168707087635994,1
0.41833627223968506,1
0.2327200174331665,1
0.38618773221969604,1
0.5466578602790833,1
0.3452588617801666,1
0.3104282021522522,1
0.2972973585128784,1
0.23883096873760223,1
0.3298611640930176,1
0.19914595782756805,1
0.24948737025260925,1
0.21021738648414612,1
0.19520410895347595,1
0.23603232204914093,1
0.2704281508922577,1
0.40503835678100586,1
0.4092381000518799,1
0.31597256660461426,1
0.21782180666923523,1
0.2154562622308731,1
0.25976020097732544,1
0.4272533357143402,1
0.2888879179954529,1
0.2885490655899048,1
0.19072625041007996,1
0.2503569424152374,1
0.20877784490585327,1
0.47045087814331055,1
0.1730705350637436,1
0.47572606801986694,1
0.237020805478096,1
0.20789189636707306,1
0.28399521112442017,1
0.21271193027496338,1
0.3034084141254425,1
0.5793344378471375,1
0.265619695186615,1
0.16309358179569244,1
0.3500922918319702,1
0.24804386496543884,1
0.2707657217979431,1
0.262174129486084,1
0.32303348183631897,1
0.17863169312477112,1
0.3002537190914154,1
0.2683180868625641,1
0.25463685393333435,1
0.3448405861854553,1
0.3288644254207611,1
0.2815377712249756,1
0.303497314453125,1
0.2653849422931671,1
0.2648349106311798,1
0.2828027009963989,1
0.1895044445991516,1
0.26414185762405396,1
0.3964036703109741,1
0.3182121217250824,1
0.26538753509521484,1
0.18876200914382935,1
0.19708946347236633,1
0.26550981402397156,1
0.5682937502861023,1
0.3896305561065674,1
0.26019352674484253,1
0.4072251319885254,1
0.14778199791908264,1
0.23665183782577515,1
0.2878611087799072,1
0.136592835187912,1
0.21195171773433685,1
0.3029537796974182,1
0.15623342990875244,1
0.20602309703826904,1
0.28907638788223267,1
0.41178977489471436,1
0.23754608631134033,1
0.2783885896205902,1
0.33585476875305176,1
0.18256725370883942,1
0.17249563336372375,1
0.2508053481578827,1
0.5740046501159668,1
0.367557168006897,1
0.13183796405792236,1
0.2528316080570221,1
0.37984809279441833,1
0.34269416332244873,1
0.2480495274066925,1
0.31818243861198425,1
0.43839699029922485,1
0.37732014060020447,1
0.1862356960773468,1
0.30774515867233276,1
0.14934349060058594,1
0.30292975902557373,1
0.1731385886669159,1
0.19090762734413147,1
0.5537725687026978,1
0.21925240755081177,1
0.18696187436580658,1
0.188676655292511,1
0.4096393585205078,1
0.20481397211551666,1
0.18571364879608154,1
0.3527550995349884,1
0.24414677917957306,1
0.20611441135406494,1
0.20088109374046326,1
0.21294081211090088,1
0.3275706171989441,1
0.17166073620319366,1
0.4252200126647949,1
0.22245299816131592,1
0.25486770272254944,1
0.33614757657051086,1
0.17743751406669617,1
0.5132847428321838,1
0.33363020420074463,1
0.26542210578918457,1
0.24894499778747559,1
0.32854342460632324,1
0.35483697056770325,1
0.3124247193336487,1
0.3413506746292114,1
0.1720942258834839,1
0.3138014078140259,1
0.2674444913864136,1
0.4176080524921417,1
0.3143688142299652,1
0.26355722546577454,1
0.26378434896469116,1
0.19418451189994812,1
0.2552405893802643,1
0.2190960794687271,1
0.2795100808143616,1
0.19555380940437317,1
0.4371662735939026,1
0.539608895778656,1
0.32620128989219666,1
0.3544467091560364,1
0.2305820733308792,1
0.16817854344844818,1
0.3484812378883362,1
0.21948334574699402,1
0.16157713532447815,1
0.45459961891174316,1
0.2335810363292694,1
0.1813269555568695,1
0.20206232368946075,1
0.22020266950130463,1
0.14089903235435486,1
0.19020459055900574,1
0.48328131437301636,1
0.26602795720100403,1
0.1856827437877655,1
0.25291040539741516,1
0.2211454063653946,1
0.170122891664505,1
0.3270905613899231,1
0.1974763125181198,1
0.3719864785671234,1
0.2829955220222473,1
0.25115716457366943,1
0.2617073357105255,1
0.32634562253952026,1
0.4219118356704712,1
0.21846210956573486,1
0.2061476707458496,1
0.15544962882995605,1
0.1912795454263687,1
0.34522849321365356,1
0.3438105583190918,1
0.36468490958213806,1
0.20913782715797424,1
0.17955657839775085,1
0.1373608410358429,1
0.1754206269979477,1
0.24933534860610962,1
0.40514183044433594,1
0.31931808590888977,1
0.20428453385829926,1
0.15783224999904633,1
0.3454846143722534,1
0.31513145565986633,1
0.28147923946380615,1
0.24975988268852234,1
0.3377111256122589,1
0.4188154339790344,1
0.46219319105148315,1
0.21104884147644043,1
0.3620731830596924,1
0.3246735632419586,1
0.1934823840856552,1
0.18777985870838165,1
0.2997764050960541,1
0.2268918752670288,1
0.3153051733970642,1
0.23062065243721008,1
0.20185142755508423,1
0.18000927567481995,1
0.2221164107322693,1
0.2180737853050232,1
0.17545576393604279,1
0.3386856019496918,1
0.28327032923698425,1
0.3156089186668396,1
0.3083527386188507,1
0.2983763515949249,1
0.36616408824920654,1
0.20019729435443878,1
0.4063287675380707,1
0.30169567465782166,1
0.3961883783340454,1
0.591439962387085,1
0.4131338894367218,1
0.11982768028974533,1
0.1747700721025467,1
0.18856090307235718,1
0.25904297828674316,1
0.22522380948066711,1
0.18832561373710632,1
0.23661693930625916,1
0.38379281759262085,1
0.41529911756515503,1
0.5048902630805969,1
0.2210652381181717,1
0.2657674252986908,1
0.31482452154159546,1
0.27975910902023315,1
0.4546125531196594,1
0.24149608612060547,1
0.19585227966308594,1
0.24275162816047668,1
0.3576350808143616,1
0.26630741357803345,1
0.296540230512619,1
0.3536634147167206,1
0.3110140860080719,1
0.2781227231025696,1
0.41432997584342957,1
0.1822393536567688,1
0.31771087646484375,1
0.3450676202774048,1
0.28571999073028564,1
0.23348447680473328,1
0.20703952014446259,1
0.36584383249282837,1
0.26007962226867676,1
0.24457597732543945,1
0.20032855868339539,1
0.39870336651802063,1
0.1899150162935257,1
0.22198715806007385,1
0.4946902394294739,1
0.23947188258171082,1
0.1644989550113678,1
0.291309654712677,1
0.21721135079860687,1
0.23305842280387878,1
0.3028360605239868,1
0.3083094358444214,1
0.27165043354034424,1
0.15331478416919708,1
0.2516375184059143,1
0.30407077074050903,1
0.2510496973991394,1
0.363194078207016,1
0.3399045765399933,1
0.20361196994781494,1
0.4152337908744812,1
0.32021939754486084,1
0.2104947865009308,1
0.3717852830886841,1
0.318389892578125,1
0.2849476933479309,1
0.31202232837677,1
0.3952239453792572,1
0.5004288554191589,1
0.26547515392303467,1
0.21452122926712036,1
0.22089850902557373,1
0.5187747478485107,1
0.20027393102645874,1
0.24892646074295044,1
0.20887640118598938,1
0.19081634283065796,1
0.24941597878932953,1
0.14376874268054962,1
0.3046250343322754,1
0.33170539140701294,1
0.1525842845439911,1
0.3965722322463989,1
0.29440975189208984,1
0.18965186178684235,1
0.2804054915904999,1
0.2014865279197693,1
0.11034830659627914,1
0.43865692615509033,1
0.15948818624019623,1
0.346157431602478,1
0.1779814064502716,1
0.18302874267101288,1
0.2905831038951874,1
0.23399782180786133,1
0.2311088740825653,1
0.4748774766921997,1
0.416155606508255,1
0.18500231206417084,1
0.17879924178123474,1
0.30902522802352905,1
0.26040226221084595,1
0.23162606358528137,1
0.20275463163852692,1
0.2658911645412445,1
0.2697041630744934,1
0.2601128816604614,1
0.21273186802864075,1
0.3320242762565613,1
0.1634693741798401,1
0.24520540237426758,1
0.14076736569404602,1
0.1539510190486908,1
0.23708520829677582,1
0.14631931483745575,1
0.35566502809524536,1
0.3641033172607422,1
0.18090121448040009,1
0.2009297013282776,1
0.30748215317726135,1
0.44573792815208435,1
0.5083088874816895,1
0.23360146582126617,1
0.37929704785346985,1
0.28657716512680054,1
0.41312092542648315,1
0.3458876311779022,1
0.44587695598602295,1
0.10125257074832916,1
0.2272258996963501,1
0.2614310383796692,1
0.1813693791627884,1
0.23052459955215454,1
0.3181372284889221,1
0.19820448756217957,1
0.41377878189086914,1
0.2924284338951111,1
0.2896726131439209,1
0.2013455331325531,1
0.2678174376487732,1
0.11605195701122284,1
0.29956191778182983,1
0.13379351794719696,1
0.310565710067749,1
0.18653430044651031,1
0.25819650292396545,1
0.24850572645664215,1
0.22323016822338104,1
0.25920534133911133,1
0.38300609588623047,1
0.27689772844314575,1
0.28435736894607544,1
0.3522984981536865,1
0.14124393463134766,1
0.2284180223941803,1
0.2447245717048645,1
0.20298954844474792,1
0.1759181022644043,1
0.4002288579940796,1
0.13164228200912476,1
0.15364429354667664,1
0.2121918648481369,1
0.5708056092262268,1
0.23539787530899048,1
0.15860459208488464,1
0.24271811544895172,1
0.31049084663391113,1
0.23762574791908264,1
0.3404862582683563,1
0.32105475664138794,1
0.2274586260318756,1
0.21265330910682678,1
0.2043214738368988,1
0.21683765947818756,1
0.369946151971817,1
0.42082831263542175,1
0.2696712017059326,1
0.25696247816085815,1
0.2291409820318222,1
0.2535402774810791,1
0.5141885876655579,1
0.19528728723526,1
0.35976213216781616,1
0.11113649606704712,1
0.2318468987941742,1
0.21053016185760498,1
0.12798917293548584,1
0.2999468743801117,1
0.3421303629875183,1
0.29355308413505554,1
0.19799543917179108,1
0.23967914283275604,1
0.3164162039756775,1
0.10409471392631531,1
0.177362859249115,1
0.21636682748794556,1
0.18489089608192444,1
0.2990998923778534,1
0.44321709871292114,1
0.2812694311141968,1
0.5230826139450073,1
0.15704068541526794,1
0.17055180668830872,1
0.2856196463108063,1
0.263709157705307,1
0.28036490082740784,1
0.3647869825363159,1
0.2773932218551636,1
0.27559518814086914,1
0.34580251574516296,1
0.15134741365909576,1
0.2121557593345642,1
0.19308269023895264,1
0.1872444748878479,1
0.3008173108100891,1
0.3032943308353424,1
0.09075470268726349,1
0.23981404304504395,1
0.3506487011909485,1
0.3420039415359497,1
0.1668829321861267,1
0.1653476059436798,1
0.19352318346500397,1
0.21143224835395813,1
0.401917040348053,1
0.2740684151649475,1
0.13429811596870422,1
0.19326166808605194,1
0.2720343768596649,1
0.2741757035255432,1
0.255291223526001,1
0.24976038932800293,1
0.3320983946323395,1
0.18364745378494263,1
0.12926918268203735,1
0.19469299912452698,1
0.1625148504972458,1
0.17878036201000214,1
0.1461436003446579,1
0.3844847083091736,1
0.40256422758102417,1
0.26810401678085327,1
0.2259817272424698,1
0.3297644257545471,1
0.280897319316864,1
0.12419837713241577,1
0.20677384734153748,1
0.3400525450706482,1
0.16120325028896332,1
0.24562710523605347,1
0.15264007449150085,1
0.26707977056503296,1
0.29255014657974243,1
0.197774276137352,1
0.12071619182825089,1
0.337007999420166,1
0.28408336639404297,1
0.42621147632598877,1
0.2541550099849701,1
0.30434170365333557,1
0.24386873841285706,1
0.10366658866405487,1
0.29052260518074036,1
0.1877175271511078,1
0.200919970870018,1
0.2570585608482361,1
0.10532669723033905,1
0.2721610367298126,1
0.19457200169563293,1
0.23589390516281128,1
0.21721312403678894,1
0.1988517940044403,1
0.33259117603302,1
0.1697366088628769,1
0.12394166737794876,1
0.2745414972305298,1
0.2815474271774292,1
0.18937647342681885,1
0.34749242663383484,1
0.19740700721740723,1
0.2616020143032074,1
0.30576378107070923,1
0.4170365035533905,1
0.17517104744911194,1
0.11722378432750702,1
0.536492109298706,1
0.23358003795146942,1
0.1794911026954651,1
0.1647147238254547,1
0.23809412121772766,1
0.3948203921318054,1
0.2822064161300659,1
0.12483946979045868,1
0.357749342918396,1
0.2719879150390625,1
0.3256147801876068,1
0.26227661967277527,1
0.3952515125274658,1
0.4269152879714966,1
0.2875674366950989,1
0.3339675962924957,1
0.09165911376476288,1
0.18108241260051727,1
0.2807302474975586,1
0.22783327102661133,1
0.15954366326332092,1
0.18277204036712646,1
0.10753163695335388,1
0.17002898454666138,1
0.37649229168891907,1
0.23369558155536652,1
0.22976262867450714,1
0.4586482048034668,1
0.16314442455768585,1
0.2231956571340561,1
0.32586660981178284,1
0.20903657376766205,1
0.19835050404071808,1
0.3621266484260559,1
0.3646223247051239,1
0.3524298667907715,1
0.22087758779525757,1
0.26970914006233215,1
0.22016684710979462,1
0.37365007400512695,1
0.33435386419296265,1
0.16434337198734283,1
0.21671877801418304,1
0.46184489130973816,1
0.19042131304740906,1
0.2364474982023239,1
0.13907726109027863,1
0.15034005045890808,1
0.27680569887161255,1
0.2806568741798401,1
0.3055170178413391,1
0.1612205058336258,1
0.20223170518875122,1
0.14243561029434204,1
0.2769020199775696,1
0.12784823775291443,1
0.11261933296918869,1
0.20267744362354279,1
0.1831205189228058,1
0.30973461270332336,1
0.2757995128631592,1
0.39907312393188477,1
0.3630950152873993,1
0.17272739112377167,1
0.14689047634601593,1
0.25023961067199707,1
0.2619841694831848,1
0.25899219512939453,1
0.20162023603916168,1
0.32124289870262146,1
0.19483128190040588,1
0.36516687273979187,1
0.18233296275138855,1
0.24828802049160004,1
0.2372419834136963,1
0.22428613901138306,1
0.2143900990486145,1
0.24702569842338562,1
0.37837135791778564,1
0.2769201695919037,1
0.32133620977401733,1
0.164957195520401,1
0.18252858519554138,1
0.3742804229259491,1
0.12207858264446259,1
0.08923996984958649,1
0.20543652772903442,1
0.2622120976448059,1
0.45444542169570923,1
0.21707366406917572,1
0.21077777445316315,1
0.17493386566638947,1
0.11944910138845444,1
0.21022382378578186,1
0.24798785150051117,1
0.3817453384399414,1
0.13455425202846527,1
0.179569810628891,1
0.1469220519065857,1
0.15161031484603882,1
0.26695170998573303,1
0.21022433042526245,1
0.3036401569843292,1
0.17915773391723633,1
0.13393634557724,1
0.4312090575695038,1
0.14344988763332367,1
0.27171778678894043,1
0.20973965525627136,1
0.17994071543216705,1
0.28968095779418945,1
0.415240615606308,1
0.26744669675827026,1
0.11152930557727814,1
0.17079725861549377,1
0.3438749313354492,1
0.22047102451324463,1
0.15279726684093475,1
0.22666408121585846,1
0.25009438395500183,1
0.46375781297683716,1
0.21435514092445374,1
0.42809197306632996,1
0.3431254029273987,1
0.2925567328929901,1
0.17098309099674225,1
0.41809356212615967,1
0.19618239998817444,1
0.26096901297569275,1
0.15574553608894348,1
0.17714887857437134,1
0.1705591380596161,1
0.22551679611206055,1
0.23749206960201263,1
0.1709926724433899,1
0.2152305543422699,1
0.30018720030784607,1
0.22871169447898865,1
0.285262793302536,1
0.20838679373264313,1
0.5077625513076782,1
0.1536100059747696,1
0.1333196759223938,1
0.16224396228790283,1
0.22299857437610626,1
0.35483816266059875,1
0.21299125254154205,1
0.3719162344932556,1
0.12046624720096588,1
0.242030531167984,1
0.3154729902744293,1
0.2621811330318451,1
0.143625870347023,1
0.28641846776008606,1
0.2788448929786682,1
0.26861661672592163,1
0.18681126832962036,1
0.09465610235929489,1
0.17861202359199524,1
0.20504048466682434,1
0.2552802860736847,1
0.3051576316356659,1
0.2803758382797241,1
0.33702296018600464,1
0.11799094825983047,1
0.23619551956653595,1
0.3069204092025757,1
0.0987766832113266,1
0.21540433168411255,1
0.08292514830827713,1
0.2339777946472168,1
0.2166656106710434,1
0.231199711561203,1
0.36617088317871094,1
0.26933789253234863,1
0.3165619969367981,1
0.20335300266742706,1
0.23049944639205933,1
0.2512432336807251,1
0.2591777443885803,1
0.3536550998687744,1
0.40155860781669617,1
0.25049853324890137,1
0.13561254739761353,1
0.37298667430877686,1
0.1398909091949463,1
0.15661409497261047,1
0.3034532368183136,1
0.24005964398384094,1
0.2527729272842407,1
0.2016890048980713,1
0.3917241394519806,1
0.1572890281677246,1
0.1685226708650589,1
0.2856384813785553,1
0.08883799612522125,1
0.20009908080101013,1
0.23140205442905426,1
0.1210421770811081,1
0.21963274478912354,1
0.27569684386253357,1
0.17191313207149506,1
0.1701243817806244,1
0.100934237241745,1
0.1058407872915268,1
0.2041931450366974,1
0.2855459451675415,1
0.2481294870376587,1
0.1733250617980957,1
0.27560538053512573,1
0.1298111081123352,1
0.18746663630008698,1
0.2962094843387604,1
0.23615875840187073,1
0.21035777032375336,1
0.24007649719715118,1
0.2529316246509552,1
0.31607508659362793,1
0.24732640385627747,1
0.26454970240592957,1
0.20775312185287476,1
0.2024933397769928,1
0.24677012860774994,1
0.3398470878601074,1
0.21969033777713776,1
0.2527429759502411,1
0.20144160091876984,1
0.26360154151916504,1
0.0960027202963829,1
0.28187045454978943,1
0.24915622174739838,1
0.2701152265071869,1
0.2073642909526825,1
0.12797310948371887,1
0.2764924168586731,1
0.2106245458126068,1
0.33476972579956055,1
0.14651574194431305,1
0.2115379273891449,1
0.21038097143173218,1
0.25007912516593933,1
0.20354050397872925,1
0.21683841943740845,1
0.29931265115737915,1
0.1265396922826767,1
0.3327904939651489,1
0.1942155957221985,1
0.3340247869491577,1
0.16552940011024475,1
0.2068323791027069,1
0.23394274711608887,1
0.1289370059967041,1
0.13527068495750427,1
0.3248656690120697,1
0.20421439409255981,1
0.09061604738235474,1
0.2163383960723877,1
0.3542785942554474,1
0.25587767362594604,1
0.25438621640205383,1
0.2868715524673462,1
0.21858790516853333,1
0.17932847142219543,1
0.20388388633728027,1
0.271836519241333,1
0.265932559967041,1
0.16045379638671875,1
0.21074149012565613,1
0.19764357805252075,1
0.19071556627750397,1
0.17951828241348267,1
0.13280197978019714,1
0.1979239135980606,1
0.15254783630371094,1
0.19652816653251648,1
0.1460484117269516,1
0.1808527410030365,1
0.49826866388320923,1
0.40866124629974365,1
0.1500493586063385,1
0.38726434111595154,1
0.1166815310716629,1
0.1180461049079895,1
0.3315725326538086,1
0.2955847680568695,1
0.12245289236307144,1
0.2309950292110443,1
0.08800853788852692,1
0.37165117263793945,1
0.08253498375415802,1
0.37365761399269104,1
0.18907806277275085,1
0.47750014066696167,1
0.13705137372016907,1
0.17213456332683563,1
0.15102285146713257,1
0.12225516140460968,1
0.2475130558013916,1
0.14378222823143005,1
0.21463650465011597,1
0.2524423599243164,1
0.15067070722579956,1
0.11255311965942383,1
0.22194190323352814,1
0.20118413865566254,1
0.20041441917419434,1
0.20194809138774872,1
0.31591686606407166,1
0.2550585865974426,1
0.1516633927822113,1
0.2152271717786789,1
0.2659752368927002,1
0.22203591465950012,1
0.23430247604846954,1
0.25714555382728577,1
0.17939165234565735,1
0.4028654992580414,1
0.19263401627540588,1
0.24714073538780212,1
0.20199504494667053,1
0.21488308906555176,1
0.2977488338947296,1
0.25052881240844727,1
0.24720650911331177,1
0.30296167731285095,1
0.18539507687091827,1
0.0898914635181427,1
0.3115087151527405,1
0.23386088013648987,1
0.14875388145446777,1
0.17106373608112335,1
0.12124576419591904,1
0.16162674129009247,1
0.36491262912750244,1
0.19181886315345764,1
0.24650219082832336,1
0.1565273106098175,1
0.24951794743537903,1
0.2766003906726837,1
0.1941506266593933,1
0.16818976402282715,1
0.1608317792415619,1
0.19797827303409576,1
0.2094361037015915,1
0.14202430844306946,1
0.30208227038383484,1
0.09238123893737793,1
0.22861835360527039,1
0.2183055430650711,1
0.27042049169540405,1
0.2767629623413086,1
0.26968616247177124,1
0.31858402490615845,1
0.21600572764873505,1
0.1299637258052826,1
0.30935147404670715,1
0.36712756752967834,1
0.17511487007141113,1
0.23211756348609924,1
0.19865521788597107,1
0.19875049591064453,1
0.18417342007160187,1
0.33580291271209717,1
0.13767682015895844,1
0.1763775795698166,1
0.1785081923007965,1
0.22660070657730103,1
0.3937723636627197,1
0.18094375729560852,1
0.30875539779663086,1
0.12827761471271515,1
0.4058234989643097,1
0.23808684945106506,1
0.28672850131988525,1
0.2392459511756897,1
0.0798313170671463,1
0.27664709091186523,1
0.2775498032569885,1
0.13059492409229279,1
0.21132990717887878,1
0.24549497663974762,1
0.16143633425235748,1
0.15929710865020752,1
0.17897137999534607,1
0.06811796128749847,1
0.27092689275741577,1
0.1481359601020813,1
0.1298166811466217,1
0.21298982203006744,1
0.16194669902324677,1
0.18213121592998505,1
0.2924555242061615,1
0.09129218757152557,1
